\BOOKMARK [1][-]{section.1}{Trama generale \(non spoiler\)}{}% 1
\BOOKMARK [1][-]{section.2}{Trama dettagliata \(spoiler\)}{}% 2
\BOOKMARK [1][-]{section.3}{Armi e poteri}{}% 3
\BOOKMARK [2][-]{subsection.3.1}{Armatura speciale: capiamo}{section.3}% 4
\BOOKMARK [2][-]{subsection.3.2}{Spada del tocca}{section.3}% 5
\BOOKMARK [2][-]{subsection.3.3}{Pistola spara agneddoti}{section.3}% 6
\BOOKMARK [2][-]{subsection.3.4}{Bombe pefforza}{section.3}% 7
\BOOKMARK [2][-]{subsection.3.5}{Poteri della gatta}{section.3}% 8
\BOOKMARK [1][-]{section.4}{Mostri}{}% 9
\BOOKMARK [2][-]{subsection.4.1}{Vermi del cringe}{section.4}% 10
\BOOKMARK [2][-]{subsection.4.2}{NiSBoMO \(Non Sono Blob Ma Ok\)}{section.4}% 11
\BOOKMARK [2][-]{subsection.4.3}{Foto palle}{section.4}% 12
\BOOKMARK [1][-]{section.5}{Mappa}{}% 13
\BOOKMARK [1][-]{section.6}{Miniboss}{}% 14
\BOOKMARK [2][-]{subsection.6.1}{Sweet gang}{section.6}% 15
\BOOKMARK [3][-]{subsubsection.6.1.1}{Descrizione e design}{subsection.6.1}% 16
\BOOKMARK [3][-]{subsubsection.6.1.2}{Fase 1}{subsection.6.1}% 17
\BOOKMARK [2][-]{subsection.6.2}{Incinta}{section.6}% 18
\BOOKMARK [3][-]{subsubsection.6.2.1}{Descrizione e design}{subsection.6.2}% 19
\BOOKMARK [2][-]{subsection.6.3}{Fase 1}{section.6}% 20
\BOOKMARK [2][-]{subsection.6.4}{Uomo del parcheggio}{section.6}% 21
\BOOKMARK [3][-]{subsubsection.6.4.1}{Descrizione e design}{subsection.6.4}% 22
\BOOKMARK [3][-]{subsubsection.6.4.2}{Fase 1}{subsection.6.4}% 23
\BOOKMARK [1][-]{section.7}{Boss}{}% 24
\BOOKMARK [2][-]{subsection.7.1}{Sivaletto}{section.7}% 25
\BOOKMARK [3][-]{subsubsection.7.1.1}{Descrizione e design}{subsection.7.1}% 26
\BOOKMARK [3][-]{subsubsection.7.1.2}{Fase 1}{subsection.7.1}% 27
\BOOKMARK [2][-]{subsection.7.2}{Is possible}{section.7}% 28
\BOOKMARK [3][-]{subsubsection.7.2.1}{Descrizione e design}{subsection.7.2}% 29
\BOOKMARK [3][-]{subsubsection.7.2.2}{Fase 1}{subsection.7.2}% 30
\BOOKMARK [2][-]{subsection.7.3}{Your-name}{section.7}% 31
\BOOKMARK [3][-]{subsubsection.7.3.1}{Descrizione e design}{subsection.7.3}% 32
\BOOKMARK [3][-]{subsubsection.7.3.2}{Fase 1}{subsection.7.3}% 33
\BOOKMARK [1][-]{section.8}{Boss finale}{}% 34
\BOOKMARK [2][-]{subsection.8.1}{Descrizione e design}{section.8}% 35
\BOOKMARK [2][-]{subsection.8.2}{Fase 1}{section.8}% 36
\BOOKMARK [2][-]{subsection.8.3}{Fase 2}{section.8}% 37
\BOOKMARK [2][-]{subsection.8.4}{Fase 3}{section.8}% 38
\BOOKMARK [2][-]{subsection.8.5}{Fase finale}{section.8}% 39
